<?xml version="1.0" encoding="UTF-8"?>
<testng-results total="1" passed="1" failed="0" skipped="0">
  <reporter-output>
  </reporter-output>
  <suite started-at="2020-08-22T12:18:33Z" name="Default suite" finished-at="2020-08-22T12:20:11Z" duration-ms="97987">
    <groups>
    </groups>
    <test started-at="2020-08-22T12:18:33Z" name="Default test" finished-at="2020-08-22T12:20:11Z" duration-ms="97987">
      <class name="keys.KeysTests">
        <test-method is-config="true" signature="setUp()[pri:0, instance:keys.KeysTests@3697186]" started-at="2020-08-22T14:18:33Z" name="setUp" finished-at="2020-08-22T14:18:40Z" duration-ms="7160" status="PASS">
          <reporter-output>
          </reporter-output>
        </test-method> <!-- setUp -->
        <test-method signature="testPi()[pri:0, instance:keys.KeysTests@3697186]" started-at="2020-08-22T14:18:40Z" name="testPi" finished-at="2020-08-22T14:20:11Z" duration-ms="90686" status="PASS">
          <reporter-output>
          </reporter-output>
        </test-method> <!-- testPi -->
        <test-method is-config="true" signature="tearDown()[pri:0, instance:keys.KeysTests@3697186]" started-at="2020-08-22T14:20:11Z" name="tearDown" finished-at="2020-08-22T14:20:11Z" duration-ms="107" status="PASS">
          <reporter-output>
          </reporter-output>
        </test-method> <!-- tearDown -->
      </class> <!-- keys.KeysTests -->
    </test> <!-- Default test -->
  </suite> <!-- Default suite -->
</testng-results>
